{
  "stats": {
    "suites": 186,
    "tests": 420,
    "passes": 314,
    "pending": 0,
    "failures": 108,
    "start": "2025-10-31T21:45:45.760Z",
    "end": "2025-10-31T21:45:57.486Z",
    "duration": 11726
  },
  "tests": [
    {
      "title": "should validate that debits equal credits - Core Accounting Principle",
      "fullTitle": "Accounting Module Demonstration Double-Entry Bookkeeping Rules should validate that debits equal credits - Core Accounting Principle",
      "file": "/home/m/Desktop/backEnd/erp/src/modules/accounting/demo.accounting.spec.ts",
      "duration": 1,
      "currentRetry": 0,
      "speed": "fast",
      "err": {}
    },
    {
      "title": "should reject invalid double-entry transactions",
      "fullTitle": "Accounting Module Demonstration Double-Entry Bookkeeping Rules should reject invalid double-entry transactions",
      "file": "/home/m/Desktop/backEnd/erp/src/modules/accounting/demo.accounting.spec.ts",
      "duration": 0,
      "currentRetry": 0,
      "speed": "fast",
      "err": {}
    },
    {
      "title": "should have proper account type classification",
      "fullTitle": "Accounting Module Demonstration Chart of Accounts Structure should have proper account type classification",
      "file": "/home/m/Desktop/backEnd/erp/src/modules/accounting/demo.accounting.spec.ts",
      "duration": 1,
      "currentRetry": 0,
      "speed": "fast",
      "err": {}
    },
    {
      "title": "should validate account code structure",
      "fullTitle": "Accounting Module Demonstration Chart of Accounts Structure should validate account code structure",
      "file": "/home/m/Desktop/backEnd/erp/src/modules/accounting/demo.accounting.spec.ts",
      "duration": 1,
      "currentRetry": 0,
      "speed": "fast",
      "err": {}
    },
    {
      "title": "should calculate income statement correctly",
      "fullTitle": "Accounting Module Demonstration Financial Reports Logic should calculate income statement correctly",
      "file": "/home/m/Desktop/backEnd/erp/src/modules/accounting/demo.accounting.spec.ts",
      "duration": 0,
      "currentRetry": 0,
      "speed": "fast",
      "err": {}
    },
    {
      "title": "should validate balance sheet equation",
      "fullTitle": "Accounting Module Demonstration Financial Reports Logic should validate balance sheet equation",
      "file": "/home/m/Desktop/backEnd/erp/src/modules/accounting/demo.accounting.spec.ts",
      "duration": 0,
      "currentRetry": 0,
      "speed": "fast",
      "err": {}
    },
    {
      "title": "should validate account names for XSS prevention",
      "fullTitle": "Accounting Module Demonstration Security Validation should validate account names for XSS prevention",
      "file": "/home/m/Desktop/backEnd/erp/src/modules/accounting/demo.accounting.spec.ts",
      "duration": 0,
      "currentRetry": 0,
      "speed": "fast",
      "err": {}
    },
    {
      "title": "should validate transaction reference format",
      "fullTitle": "Accounting Module Demonstration Security Validation should validate transaction reference format",
      "file": "/home/m/Desktop/backEnd/erp/src/modules/accounting/demo.accounting.spec.ts",
      "duration": 1,
      "currentRetry": 0,
      "speed": "fast",
      "err": {}
    },
    {
      "title": "should demonstrate Single Responsibility - each service has one purpose",
      "fullTitle": "Accounting Module Demonstration SOLID Principles Demonstration should demonstrate Single Responsibility - each service has one purpose",
      "file": "/home/m/Desktop/backEnd/erp/src/modules/accounting/demo.accounting.spec.ts",
      "duration": 1,
      "currentRetry": 0,
      "speed": "fast",
      "err": {}
    },
    {
      "title": "should demonstrate Open/Closed - extensible design",
      "fullTitle": "Accounting Module Demonstration SOLID Principles Demonstration should demonstrate Open/Closed - extensible design",
      "file": "/home/m/Desktop/backEnd/erp/src/modules/accounting/demo.accounting.spec.ts",
      "duration": 0,
      "currentRetry": 0,
      "speed": "fast",
      "err": {}
    },
    {
      "title": "should have simple, clear business logic",
      "fullTitle": "Accounting Module Demonstration KISS Principle Demonstration should have simple, clear business logic",
      "file": "/home/m/Desktop/backEnd/erp/src/modules/accounting/demo.accounting.spec.ts",
      "duration": 1,
      "currentRetry": 0,
      "speed": "fast",
      "err": {}
    },
    {
      "title": "should have straightforward error messages",
      "fullTitle": "Accounting Module Demonstration KISS Principle Demonstration should have straightforward error messages",
      "file": "/home/m/Desktop/backEnd/erp/src/modules/accounting/demo.accounting.spec.ts",
      "duration": 0,
      "currentRetry": 0,
      "speed": "fast",
      "err": {}
    },
    {
      "title": "should show test-driven development approach",
      "fullTitle": "Accounting Module Demonstration TDD Demonstration should show test-driven development approach",
      "file": "/home/m/Desktop/backEnd/erp/src/modules/accounting/demo.accounting.spec.ts",
      "duration": 1,
      "currentRetry": 0,
      "speed": "fast",
      "err": {}
    },
    {
      "title": "should create transaction with journal entries in atomic operation",
      "fullTitle": "Database Transaction Integration Tests Multi-Table Transactions should create transaction with journal entries in atomic operation",
      "file": "/home/m/Desktop/backEnd/erp/src/modules/accounting/transaction.integration.spec.ts",
      "duration": 37,
      "currentRetry": 0,
      "speed": "fast",
      "err": {}
    },
    {
      "title": "should rollback all changes if any part fails",
      "fullTitle": "Database Transaction Integration Tests Transaction Rollback should rollback all changes if any part fails",
      "file": "/home/m/Desktop/backEnd/erp/src/modules/accounting/transaction.integration.spec.ts",
      "duration": 6,
      "currentRetry": 0,
      "speed": "fast",
      "err": {}
    },
    {
      "title": "should maintain referential integrity across related tables",
      "fullTitle": "Database Transaction Integration Tests Data Consistency should maintain referential integrity across related tables",
      "file": "/home/m/Desktop/backEnd/erp/src/modules/accounting/transaction.integration.spec.ts",
      "duration": 16,
      "currentRetry": 0,
      "speed": "fast",
      "err": {}
    },
    {
      "title": "should handle concurrent transaction creation safely",
      "fullTitle": "Database Transaction Integration Tests Concurrent Requests should handle concurrent transaction creation safely",
      "file": "/home/m/Desktop/backEnd/erp/src/modules/accounting/transaction.integration.spec.ts",
      "duration": 49,
      "currentRetry": 0,
      "speed": "medium",
      "err": {}
    },
    {
      "title": "should handle concurrent account balance updates safely",
      "fullTitle": "Database Transaction Integration Tests Concurrent Requests should handle concurrent account balance updates safely",
      "file": "/home/m/Desktop/backEnd/erp/src/modules/accounting/transaction.integration.spec.ts",
      "duration": 38,
      "currentRetry": 0,
      "speed": "medium",
      "err": {}
    },
    {
      "title": "should handle concurrent updates to the same account safely",
      "fullTitle": "Database Transaction Integration Tests Locking Scenarios should handle concurrent updates to the same account safely",
      "file": "/home/m/Desktop/backEnd/erp/src/modules/accounting/transaction.integration.spec.ts",
      "duration": 8,
      "currentRetry": 0,
      "speed": "fast",
      "err": {}
    },
    {
      "title": "should handle concurrent transaction creation with overlapping accounts",
      "fullTitle": "Database Transaction Integration Tests Locking Scenarios should handle concurrent transaction creation with overlapping accounts",
      "file": "/home/m/Desktop/backEnd/erp/src/modules/accounting/transaction.integration.spec.ts",
      "duration": 22,
      "currentRetry": 0,
      "speed": "fast",
      "err": {}
    },
    {
      "title": "should handle potential deadlock scenarios with timeouts",
      "fullTitle": "Database Transaction Integration Tests Deadlock Detection should handle potential deadlock scenarios with timeouts",
      "file": "/home/m/Desktop/backEnd/erp/src/modules/accounting/transaction.integration.spec.ts",
      "duration": 29,
      "currentRetry": 0,
      "speed": "fast",
      "err": {}
    },
    {
      "title": "should prevent infinite blocking with transaction timeouts",
      "fullTitle": "Database Transaction Integration Tests Deadlock Detection should prevent infinite blocking with transaction timeouts",
      "file": "/home/m/Desktop/backEnd/erp/src/modules/accounting/transaction.integration.spec.ts",
      "duration": 107,
      "currentRetry": 0,
      "speed": "slow",
      "err": {}
    },
    {
      "title": "should return 404 for non-existent endpoint",
      "fullTitle": "Authentication Integration Tests Health Check should return 404 for non-existent endpoint",
      "file": "/home/m/Desktop/backEnd/erp/src/modules/authentication/auth.integration.spec.ts",
      "duration": 26,
      "currentRetry": 0,
      "speed": "fast",
      "err": {}
    },
    {
      "title": "should return 404 for root endpoint (no global prefix set)",
      "fullTitle": "Authentication Integration Tests Health Check should return 404 for root endpoint (no global prefix set)",
      "file": "/home/m/Desktop/backEnd/erp/src/modules/authentication/auth.integration.spec.ts",
      "duration": 4,
      "currentRetry": 0,
      "speed": "fast",
      "err": {}
    },
    {
      "title": "should check if authentication routes are available",
      "fullTitle": "Authentication Integration Tests Health Check should check if authentication routes are available",
      "file": "/home/m/Desktop/backEnd/erp/src/modules/authentication/auth.integration.spec.ts",
      "duration": 4,
      "currentRetry": 0,
      "speed": "fast",
      "err": {}
    },
    {
      "title": "should debug: check what routes are registered",
      "fullTitle": "Authentication Integration Tests Health Check should debug: check what routes are registered",
      "file": "/home/m/Desktop/backEnd/erp/src/modules/authentication/auth.integration.spec.ts",
      "duration": 24,
      "currentRetry": 0,
      "speed": "fast",
      "err": {}
    },
    {
      "title": "should register a new user successfully",
      "fullTitle": "Authentication Integration Tests User Registration Flow should register a new user successfully",
      "file": "/home/m/Desktop/backEnd/erp/src/modules/authentication/auth.integration.spec.ts",
      "duration": 293,
      "currentRetry": 0,
      "speed": "slow",
      "err": {}
    },
    {
      "title": "should reject duplicate email registration",
      "fullTitle": "Authentication Integration Tests User Registration Flow should reject duplicate email registration",
      "file": "/home/m/Desktop/backEnd/erp/src/modules/authentication/auth.integration.spec.ts",
      "duration": 312,
      "currentRetry": 0,
      "speed": "slow",
      "err": {}
    },
    {
      "title": "should validate input data",
      "fullTitle": "Authentication Integration Tests User Registration Flow should validate input data",
      "file": "/home/m/Desktop/backEnd/erp/src/modules/authentication/auth.integration.spec.ts",
      "duration": 5,
      "currentRetry": 0,
      "speed": "fast",
      "err": {}
    },
    {
      "title": "should login user successfully",
      "fullTitle": "Authentication Integration Tests User Login Flow should login user successfully",
      "file": "/home/m/Desktop/backEnd/erp/src/modules/authentication/auth.integration.spec.ts",
      "duration": 287,
      "currentRetry": 0,
      "speed": "slow",
      "err": {}
    },
    {
      "title": "should reject invalid credentials",
      "fullTitle": "Authentication Integration Tests User Login Flow should reject invalid credentials",
      "file": "/home/m/Desktop/backEnd/erp/src/modules/authentication/auth.integration.spec.ts",
      "duration": 277,
      "currentRetry": 0,
      "speed": "slow",
      "err": {}
    },
    {
      "title": "should reject non-existent user login",
      "fullTitle": "Authentication Integration Tests User Login Flow should reject non-existent user login",
      "file": "/home/m/Desktop/backEnd/erp/src/modules/authentication/auth.integration.spec.ts",
      "duration": 6,
      "currentRetry": 0,
      "speed": "fast",
      "err": {}
    },
    {
      "title": "should validate JWT token for protected route",
      "fullTitle": "Authentication Integration Tests JWT Token Validation should validate JWT token for protected route",
      "file": "/home/m/Desktop/backEnd/erp/src/modules/authentication/auth.integration.spec.ts",
      "duration": 11,
      "currentRetry": 0,
      "err": {
        "stack": "Error: expected 200 \"OK\", got 401 \"Unauthorized\"\n    at Context.<anonymous> (/home/m/Desktop/backEnd/erp/src/modules/authentication/auth.integration.spec.ts:335:10)\n    at callFn (/home/m/Desktop/backEnd/erp/node_modules/.pnpm/mocha@11.7.4/node_modules/mocha/lib/runnable.js:366:21)\n    at Test.Runnable.run (/home/m/Desktop/backEnd/erp/node_modules/.pnpm/mocha@11.7.4/node_modules/mocha/lib/runnable.js:354:5)\n    at Runner.runTest (/home/m/Desktop/backEnd/erp/node_modules/.pnpm/mocha@11.7.4/node_modules/mocha/lib/runner.js:719:10)\n    at /home/m/Desktop/backEnd/erp/node_modules/.pnpm/mocha@11.7.4/node_modules/mocha/lib/runner.js:842:12\n    at next (/home/m/Desktop/backEnd/erp/node_modules/.pnpm/mocha@11.7.4/node_modules/mocha/lib/runner.js:634:14)\n    at /home/m/Desktop/backEnd/erp/node_modules/.pnpm/mocha@11.7.4/node_modules/mocha/lib/runner.js:644:7\n    at next (/home/m/Desktop/backEnd/erp/node_modules/.pnpm/mocha@11.7.4/node_modules/mocha/lib/runner.js:527:14)\n    at cbHookRun (/home/m/Desktop/backEnd/erp/node_modules/.pnpm/mocha@11.7.4/node_modules/mocha/lib/runner.js:592:7)\n    at done (/home/m/Desktop/backEnd/erp/node_modules/.pnpm/mocha@11.7.4/node_modules/mocha/lib/runnable.js:310:5)\n    at /home/m/Desktop/backEnd/erp/node_modules/.pnpm/mocha@11.7.4/node_modules/mocha/lib/runnable.js:371:11\n    at processTicksAndRejections (node:internal/process/task_queues:105:5)\n----\n    at Test._assertStatus (/home/m/Desktop/backEnd/erp/node_modules/.pnpm/supertest@6.3.4/node_modules/supertest/lib/test.js:252:14)\n    at /home/m/Desktop/backEnd/erp/node_modules/.pnpm/supertest@6.3.4/node_modules/supertest/lib/test.js:308:13\n    at Test._assertFunction (/home/m/Desktop/backEnd/erp/node_modules/.pnpm/supertest@6.3.4/node_modules/supertest/lib/test.js:285:13)\n    at Test.assert (/home/m/Desktop/backEnd/erp/node_modules/.pnpm/supertest@6.3.4/node_modules/supertest/lib/test.js:164:23)\n    at Server.localAssert (/home/m/Desktop/backEnd/erp/node_modules/.pnpm/supertest@6.3.4/node_modules/supertest/lib/test.js:120:14)\n    at Object.onceWrapper (node:events:632:28)\n    at Server.emit (node:events:518:28)\n    at Server.emit (node:domain:489:12)\n    at emitCloseNT (node:net:2419:8)\n    at processTicksAndRejections (node:internal/process/task_queues:89:21)",
        "message": "expected 200 \"OK\", got 401 \"Unauthorized\""
      }
    },
    {
      "title": "should reject invalid JWT token",
      "fullTitle": "Authentication Integration Tests JWT Token Validation should reject invalid JWT token",
      "file": "/home/m/Desktop/backEnd/erp/src/modules/authentication/auth.integration.spec.ts",
      "duration": 2,
      "currentRetry": 0,
      "speed": "fast",
      "err": {}
    },
    {
      "title": "should reject requests without authorization header",
      "fullTitle": "Authentication Integration Tests JWT Token Validation should reject requests without authorization header",
      "file": "/home/m/Desktop/backEnd/erp/src/modules/authentication/auth.integration.spec.ts",
      "duration": 2,
      "currentRetry": 0,
      "speed": "fast",
      "err": {}
    },
    {
      "title": "should create leave request successfully",
      "fullTitle": "LeaveRequestController POST /leave-requests should create leave request successfully",
      "file": "/home/m/Desktop/backEnd/erp/src/modules/hr/controllers/leave-request.controller.spec.ts",
      "duration": 1,
      "currentRetry": 0,
      "speed": "fast",
      "err": {}
    },
    {
      "title": "should handle NotFoundException from service",
      "fullTitle": "LeaveRequestController POST /leave-requests should handle NotFoundException from service",
      "file": "/home/m/Desktop/backEnd/erp/src/modules/hr/controllers/leave-request.controller.spec.ts",
      "duration": 0,
      "currentRetry": 0,
      "speed": "fast",
      "err": {}
    },
    {
      "title": "should handle BadRequestException from service",
      "fullTitle": "LeaveRequestController POST /leave-requests should handle BadRequestException from service",
      "file": "/home/m/Desktop/backEnd/erp/src/modules/hr/controllers/leave-request.controller.spec.ts",
      "duration": 0,
      "currentRetry": 0,
      "speed": "fast",
      "err": {}
    },
    {
      "title": "should return paginated leave requests",
      "fullTitle": "LeaveRequestController GET /leave-requests should return paginated leave requests",
      "file": "/home/m/Desktop/backEnd/erp/src/modules/hr/controllers/leave-request.controller.spec.ts",
      "duration": 1,
      "currentRetry": 0,
      "speed": "fast",
      "err": {}
    },
    {
      "title": "should handle service errors gracefully",
      "fullTitle": "LeaveRequestController GET /leave-requests should handle service errors gracefully",
      "file": "/home/m/Desktop/backEnd/erp/src/modules/hr/controllers/leave-request.controller.spec.ts",
      "duration": 2,
      "currentRetry": 0,
      "speed": "fast",
      "err": {}
    },
    {
      "title": "should return leave request by ID",
      "fullTitle": "LeaveRequestController GET /leave-requests/:id should return leave request by ID",
      "file": "/home/m/Desktop/backEnd/erp/src/modules/hr/controllers/leave-request.controller.spec.ts",
      "duration": 1,
      "currentRetry": 0,
      "speed": "fast",
      "err": {}
    },
    {
      "title": "should return 404 when leave request not found",
      "fullTitle": "LeaveRequestController GET /leave-requests/:id should return 404 when leave request not found",
      "file": "/home/m/Desktop/backEnd/erp/src/modules/hr/controllers/leave-request.controller.spec.ts",
      "duration": 0,
      "currentRetry": 0,
      "speed": "fast",
      "err": {}
    },
    {
      "title": "should update leave request successfully",
      "fullTitle": "LeaveRequestController PUT /leave-requests/:id should update leave request successfully",
      "file": "/home/m/Desktop/backEnd/erp/src/modules/hr/controllers/leave-request.controller.spec.ts",
      "duration": 1,
      "currentRetry": 0,
      "speed": "fast",
      "err": {}
    },
    {
      "title": "should handle NotFoundException when updating non-existent request",
      "fullTitle": "LeaveRequestController PUT /leave-requests/:id should handle NotFoundException when updating non-existent request",
      "file": "/home/m/Desktop/backEnd/erp/src/modules/hr/controllers/leave-request.controller.spec.ts",
      "duration": 1,
      "currentRetry": 0,
      "speed": "fast",
      "err": {}
    },
    {
      "title": "should approve leave request successfully",
      "fullTitle": "LeaveRequestController POST /leave-requests/:id/approve should approve leave request successfully",
      "file": "/home/m/Desktop/backEnd/erp/src/modules/hr/controllers/leave-request.controller.spec.ts",
      "duration": 1,
      "currentRetry": 0,
      "speed": "fast",
      "err": {}
    },
    {
      "title": "should handle BadRequestException when approving non-pending request",
      "fullTitle": "LeaveRequestController POST /leave-requests/:id/approve should handle BadRequestException when approving non-pending request",
      "file": "/home/m/Desktop/backEnd/erp/src/modules/hr/controllers/leave-request.controller.spec.ts",
      "duration": 0,
      "currentRetry": 0,
      "speed": "fast",
      "err": {}
    },
    {
      "title": "should reject leave request successfully",
      "fullTitle": "LeaveRequestController POST /leave-requests/:id/reject should reject leave request successfully",
      "file": "/home/m/Desktop/backEnd/erp/src/modules/hr/controllers/leave-request.controller.spec.ts",
      "duration": 1,
      "currentRetry": 0,
      "speed": "fast",
      "err": {}
    },
    {
      "title": "should cancel leave request successfully",
      "fullTitle": "LeaveRequestController POST /leave-requests/:id/cancel should cancel leave request successfully",
      "file": "/home/m/Desktop/backEnd/erp/src/modules/hr/controllers/leave-request.controller.spec.ts",
      "duration": 1,
      "currentRetry": 0,
      "speed": "fast",
      "err": {}
    },
    {
      "title": "should handle BadRequestException when cancelling approved request",
      "fullTitle": "LeaveRequestController POST /leave-requests/:id/cancel should handle BadRequestException when cancelling approved request",
      "file": "/home/m/Desktop/backEnd/erp/src/modules/hr/controllers/leave-request.controller.spec.ts",
      "duration": 0,
      "currentRetry": 0,
      "speed": "fast",
      "err": {}
    },
    {
      "title": "should return leave balance for employee",
      "fullTitle": "LeaveRequestController GET /leave-requests/:id/balance should return leave balance for employee",
      "file": "/home/m/Desktop/backEnd/erp/src/modules/hr/controllers/leave-request.controller.spec.ts",
      "duration": 1,
      "currentRetry": 0,
      "speed": "fast",
      "err": {}
    },
    {
      "title": "should handle NotFoundException when employee not found",
      "fullTitle": "LeaveRequestController GET /leave-requests/:id/balance should handle NotFoundException when employee not found",
      "file": "/home/m/Desktop/backEnd/erp/src/modules/hr/controllers/leave-request.controller.spec.ts",
      "duration": 0,
      "currentRetry": 0,
      "speed": "fast",
      "err": {}
    },
    {
      "title": "should return leave analytics",
      "fullTitle": "LeaveRequestController GET /leave-requests/analytics should return leave analytics",
      "file": "/home/m/Desktop/backEnd/erp/src/modules/hr/controllers/leave-request.controller.spec.ts",
      "duration": 1,
      "currentRetry": 0,
      "speed": "fast",
      "err": {}
    },
    {
      "title": "should handle analytics service errors gracefully",
      "fullTitle": "LeaveRequestController GET /leave-requests/analytics should handle analytics service errors gracefully",
      "file": "/home/m/Desktop/backEnd/erp/src/modules/hr/controllers/leave-request.controller.spec.ts",
      "duration": 1,
      "currentRetry": 0,
      "speed": "fast",
      "err": {}
    },
    {
      "title": "should handle validation errors from DTO",
      "fullTitle": "LeaveRequestController Input Validation should handle validation errors from DTO",
      "file": "/home/m/Desktop/backEnd/erp/src/modules/hr/controllers/leave-request.controller.spec.ts",
      "duration": 1,
      "currentRetry": 0,
      "speed": "fast",
      "err": {}
    },
    {
      "title": "should handle invalid query parameters",
      "fullTitle": "LeaveRequestController Input Validation should handle invalid query parameters",
      "file": "/home/m/Desktop/backEnd/erp/src/modules/hr/controllers/leave-request.controller.spec.ts",
      "duration": 0,
      "currentRetry": 0,
      "speed": "fast",
      "err": {}
    },
    {
      "title": "should handle missing user context",
      "fullTitle": "LeaveRequestController Security and Authorization should handle missing user context",
      "file": "/home/m/Desktop/backEnd/erp/src/modules/hr/controllers/leave-request.controller.spec.ts",
      "duration": 2,
      "currentRetry": 0,
      "speed": "fast",
      "err": {}
    },
    {
      "title": "should handle invalid user ID format",
      "fullTitle": "LeaveRequestController Security and Authorization should handle invalid user ID format",
      "file": "/home/m/Desktop/backEnd/erp/src/modules/hr/controllers/leave-request.controller.spec.ts",
      "duration": 0,
      "currentRetry": 0,
      "speed": "fast",
      "err": {}
    },
    {
      "title": "should fail to create employee when service throws NotFoundException",
      "fullTitle": "Employee Controller - Unit Tests POST /employees should fail to create employee when service throws NotFoundException",
      "file": "/home/m/Desktop/backEnd/erp/src/modules/hr/employee.controller.spec.ts",
      "duration": 2,
      "currentRetry": 0,
      "speed": "fast",
      "err": {}
    },
    {
      "title": "should fail to create employee when service throws ConflictException",
      "fullTitle": "Employee Controller - Unit Tests POST /employees should fail to create employee when service throws ConflictException",
      "file": "/home/m/Desktop/backEnd/erp/src/modules/hr/employee.controller.spec.ts",
      "duration": 1,
      "currentRetry": 0,
      "speed": "fast",
      "err": {}
    },
    {
      "title": "should fail to create employee when service throws BadRequestException",
      "fullTitle": "Employee Controller - Unit Tests POST /employees should fail to create employee when service throws BadRequestException",
      "file": "/home/m/Desktop/backEnd/erp/src/modules/hr/employee.controller.spec.ts",
      "duration": 1,
      "currentRetry": 0,
      "speed": "fast",
      "err": {}
    },
    {
      "title": "should fail to find employee by ID when service throws NotFoundException",
      "fullTitle": "Employee Controller - Unit Tests GET /employees/:id should fail to find employee by ID when service throws NotFoundException",
      "file": "/home/m/Desktop/backEnd/erp/src/modules/hr/employee.controller.spec.ts",
      "duration": 1,
      "currentRetry": 0,
      "speed": "fast",
      "err": {}
    },
    {
      "title": "should fail to find employee by employee number when service throws NotFoundException",
      "fullTitle": "Employee Controller - Unit Tests GET /employees/number/:employeeId should fail to find employee by employee number when service throws NotFoundException",
      "file": "/home/m/Desktop/backEnd/erp/src/modules/hr/employee.controller.spec.ts",
      "duration": 1,
      "currentRetry": 0,
      "speed": "fast",
      "err": {}
    },
    {
      "title": "should fail to find employees when service throws NotFoundException",
      "fullTitle": "Employee Controller - Unit Tests GET /employees should fail to find employees when service throws NotFoundException",
      "file": "/home/m/Desktop/backEnd/erp/src/modules/hr/employee.controller.spec.ts",
      "duration": 1,
      "currentRetry": 0,
      "speed": "fast",
      "err": {}
    },
    {
      "title": "should fail to find employees when service throws BadRequestException",
      "fullTitle": "Employee Controller - Unit Tests GET /employees should fail to find employees when service throws BadRequestException",
      "file": "/home/m/Desktop/backEnd/erp/src/modules/hr/employee.controller.spec.ts",
      "duration": 1,
      "currentRetry": 0,
      "speed": "fast",
      "err": {}
    },
    {
      "title": "should fail to update non-existent employee",
      "fullTitle": "Employee Controller - Unit Tests PUT /employees/:id should fail to update non-existent employee",
      "file": "/home/m/Desktop/backEnd/erp/src/modules/hr/employee.controller.spec.ts",
      "duration": 1,
      "currentRetry": 0,
      "speed": "fast",
      "err": {}
    },
    {
      "title": "should fail to update employee when service throws BadRequestException",
      "fullTitle": "Employee Controller - Unit Tests PUT /employees/:id should fail to update employee when service throws BadRequestException",
      "file": "/home/m/Desktop/backEnd/erp/src/modules/hr/employee.controller.spec.ts",
      "duration": 1,
      "currentRetry": 0,
      "speed": "fast",
      "err": {}
    },
    {
      "title": "should fail to delete non-existent employee",
      "fullTitle": "Employee Controller - Unit Tests DELETE /employees/:id should fail to delete non-existent employee",
      "file": "/home/m/Desktop/backEnd/erp/src/modules/hr/employee.controller.spec.ts",
      "duration": 1,
      "currentRetry": 0,
      "speed": "fast",
      "err": {}
    },
    {
      "title": "should fail to delete already terminated employee",
      "fullTitle": "Employee Controller - Unit Tests DELETE /employees/:id should fail to delete already terminated employee",
      "file": "/home/m/Desktop/backEnd/erp/src/modules/hr/employee.controller.spec.ts",
      "duration": 0,
      "currentRetry": 0,
      "speed": "fast",
      "err": {}
    },
    {
      "title": "should fail to activate non-existent employee",
      "fullTitle": "Employee Controller - Unit Tests POST /employees/:id/activate should fail to activate non-existent employee",
      "file": "/home/m/Desktop/backEnd/erp/src/modules/hr/employee.controller.spec.ts",
      "duration": 0,
      "currentRetry": 0,
      "speed": "fast",
      "err": {}
    },
    {
      "title": "should fail to activate already active employee",
      "fullTitle": "Employee Controller - Unit Tests POST /employees/:id/activate should fail to activate already active employee",
      "file": "/home/m/Desktop/backEnd/erp/src/modules/hr/employee.controller.spec.ts",
      "duration": 1,
      "currentRetry": 0,
      "speed": "fast",
      "err": {}
    },
    {
      "title": "should fail to deactivate non-existent employee",
      "fullTitle": "Employee Controller - Unit Tests POST /employees/:id/deactivate should fail to deactivate non-existent employee",
      "file": "/home/m/Desktop/backEnd/erp/src/modules/hr/employee.controller.spec.ts",
      "duration": 1,
      "currentRetry": 0,
      "speed": "fast",
      "err": {}
    },
    {
      "title": "should fail to deactivate already inactive employee",
      "fullTitle": "Employee Controller - Unit Tests POST /employees/:id/deactivate should fail to deactivate already inactive employee",
      "file": "/home/m/Desktop/backEnd/erp/src/modules/hr/employee.controller.spec.ts",
      "duration": 1,
      "currentRetry": 0,
      "speed": "fast",
      "err": {}
    },
    {
      "title": "should fail to get employee summary when service throws error",
      "fullTitle": "Employee Controller - Unit Tests GET /employees/summary should fail to get employee summary when service throws error",
      "file": "/home/m/Desktop/backEnd/erp/src/modules/hr/employee.controller.spec.ts",
      "duration": 0,
      "currentRetry": 0,
      "speed": "fast",
      "err": {}
    },
    {
      "title": "should fail with invalid create employee DTO",
      "fullTitle": "Employee Controller - Unit Tests Input Validation should fail with invalid create employee DTO",
      "file": "/home/m/Desktop/backEnd/erp/src/modules/hr/employee.controller.spec.ts",
      "duration": 2,
      "currentRetry": 0,
      "speed": "fast",
      "err": {}
    },
    {
      "title": "should fail with invalid update employee DTO",
      "fullTitle": "Employee Controller - Unit Tests Input Validation should fail with invalid update employee DTO",
      "file": "/home/m/Desktop/backEnd/erp/src/modules/hr/employee.controller.spec.ts",
      "duration": 1,
      "currentRetry": 0,
      "speed": "fast",
      "err": {}
    },
    {
      "title": "should fail when user context is missing",
      "fullTitle": "Employee Controller - Unit Tests Security and Authorization should fail when user context is missing",
      "file": "/home/m/Desktop/backEnd/erp/src/modules/hr/employee.controller.spec.ts",
      "duration": 0,
      "currentRetry": 0,
      "speed": "fast",
      "err": {}
    },
    {
      "title": "should fail when user ID is missing in context",
      "fullTitle": "Employee Controller - Unit Tests Security and Authorization should fail when user ID is missing in context",
      "file": "/home/m/Desktop/backEnd/erp/src/modules/hr/employee.controller.spec.ts",
      "duration": 0,
      "currentRetry": 0,
      "speed": "fast",
      "err": {}
    },
    {
      "title": "should handle unexpected service errors gracefully",
      "fullTitle": "Employee Controller - Unit Tests Error Handling should handle unexpected service errors gracefully",
      "file": "/home/m/Desktop/backEnd/erp/src/modules/hr/employee.controller.spec.ts",
      "duration": 1,
      "currentRetry": 0,
      "speed": "fast",
      "err": {}
    },
    {
      "title": "should fail to create employee when service does not exist",
      "fullTitle": "Employee Service - Unit Tests Employee Creation should fail to create employee when service does not exist",
      "file": "/home/m/Desktop/backEnd/erp/src/modules/hr/employee.service.spec.ts",
      "duration": 0,
      "currentRetry": 0,
      "speed": "fast",
      "err": {}
    },
    {
      "title": "should fail to create employee when department does not exist",
      "fullTitle": "Employee Service - Unit Tests Employee Creation should fail to create employee when department does not exist",
      "file": "/home/m/Desktop/backEnd/erp/src/modules/hr/employee.service.spec.ts",
      "duration": 1,
      "currentRetry": 0,
      "speed": "fast",
      "err": {}
    },
    {
      "title": "should fail to create employee when employee already exists for user",
      "fullTitle": "Employee Service - Unit Tests Employee Creation should fail to create employee when employee already exists for user",
      "file": "/home/m/Desktop/backEnd/erp/src/modules/hr/employee.service.spec.ts",
      "duration": 0,
      "currentRetry": 0,
      "speed": "fast",
      "err": {}
    },
    {
      "title": "should fail to create employee with invalid employment type",
      "fullTitle": "Employee Service - Unit Tests Employee Creation should fail to create employee with invalid employment type",
      "file": "/home/m/Desktop/backEnd/erp/src/modules/hr/employee.service.spec.ts",
      "duration": 0,
      "currentRetry": 0,
      "speed": "fast",
      "err": {}
    },
    {
      "title": "should fail to find non-existent employee by ID",
      "fullTitle": "Employee Service - Unit Tests Employee Retrieval should fail to find non-existent employee by ID",
      "file": "/home/m/Desktop/backEnd/erp/src/modules/hr/employee.service.spec.ts",
      "duration": 0,
      "currentRetry": 0,
      "speed": "fast",
      "err": {}
    },
    {
      "title": "should fail to find non-existent employee by employee number",
      "fullTitle": "Employee Service - Unit Tests Employee Retrieval should fail to find non-existent employee by employee number",
      "file": "/home/m/Desktop/backEnd/erp/src/modules/hr/employee.service.spec.ts",
      "duration": 0,
      "currentRetry": 0,
      "speed": "fast",
      "err": {}
    },
    {
      "title": "should fail to find employees in non-existent department",
      "fullTitle": "Employee Service - Unit Tests Employee Retrieval should fail to find employees in non-existent department",
      "file": "/home/m/Desktop/backEnd/erp/src/modules/hr/employee.service.spec.ts",
      "duration": 0,
      "currentRetry": 0,
      "speed": "fast",
      "err": {}
    },
    {
      "title": "should fail to update non-existent employee",
      "fullTitle": "Employee Service - Unit Tests Employee Update should fail to update non-existent employee",
      "file": "/home/m/Desktop/backEnd/erp/src/modules/hr/employee.service.spec.ts",
      "duration": 0,
      "currentRetry": 0,
      "speed": "fast",
      "err": {}
    },
    {
      "title": "should fail to transfer employee to non-existent department",
      "fullTitle": "Employee Service - Unit Tests Employee Update should fail to transfer employee to non-existent department",
      "file": "/home/m/Desktop/backEnd/erp/src/modules/hr/employee.service.spec.ts",
      "duration": 1,
      "currentRetry": 0,
      "speed": "fast",
      "err": {}
    },
    {
      "title": "should fail to update with invalid salary",
      "fullTitle": "Employee Service - Unit Tests Employee Update should fail to update with invalid salary",
      "file": "/home/m/Desktop/backEnd/erp/src/modules/hr/employee.service.spec.ts",
      "duration": 1,
      "currentRetry": 0,
      "speed": "fast",
      "err": {}
    },
    {
      "title": "should fail to delete non-existent employee",
      "fullTitle": "Employee Service - Unit Tests Employee Deletion should fail to delete non-existent employee",
      "file": "/home/m/Desktop/backEnd/erp/src/modules/hr/employee.service.spec.ts",
      "duration": 1,
      "currentRetry": 0,
      "speed": "fast",
      "err": {}
    },
    {
      "title": "should fail to terminate already terminated employee",
      "fullTitle": "Employee Service - Unit Tests Employee Deletion should fail to terminate already terminated employee",
      "file": "/home/m/Desktop/backEnd/erp/src/modules/hr/employee.service.spec.ts",
      "duration": 1,
      "currentRetry": 0,
      "speed": "fast",
      "err": {}
    },
    {
      "title": "should fail to activate non-existent employee",
      "fullTitle": "Employee Service - Unit Tests Employee Status Management should fail to activate non-existent employee",
      "file": "/home/m/Desktop/backEnd/erp/src/modules/hr/employee.service.spec.ts",
      "duration": 0,
      "currentRetry": 0,
      "speed": "fast",
      "err": {}
    },
    {
      "title": "should fail to deactivate already inactive employee",
      "fullTitle": "Employee Service - Unit Tests Employee Status Management should fail to deactivate already inactive employee",
      "file": "/home/m/Desktop/backEnd/erp/src/modules/hr/employee.service.spec.ts",
      "duration": 0,
      "currentRetry": 0,
      "speed": "fast",
      "err": {}
    },
    {
      "title": "should fail search with invalid date range",
      "fullTitle": "Employee Service - Unit Tests Employee Search and Filtering should fail search with invalid date range",
      "file": "/home/m/Desktop/backEnd/erp/src/modules/hr/employee.service.spec.ts",
      "duration": 0,
      "currentRetry": 0,
      "speed": "fast",
      "err": {}
    },
    {
      "title": "should fail with invalid employment type filter",
      "fullTitle": "Employee Service - Unit Tests Employee Search and Filtering should fail with invalid employment type filter",
      "file": "/home/m/Desktop/backEnd/erp/src/modules/hr/employee.service.spec.ts",
      "duration": 0,
      "currentRetry": 0,
      "speed": "fast",
      "err": {}
    },
    {
      "title": "should fail when personal info validation fails",
      "fullTitle": "Employee Service - Unit Tests Security and Validation should fail when personal info validation fails",
      "file": "/home/m/Desktop/backEnd/erp/src/modules/hr/employee.service.spec.ts",
      "duration": 1,
      "currentRetry": 0,
      "speed": "fast",
      "err": {}
    },
    {
      "title": "should fail with XSS attempt in employee data",
      "fullTitle": "Employee Service - Unit Tests Security and Validation should fail with XSS attempt in employee data",
      "file": "/home/m/Desktop/backEnd/erp/src/modules/hr/employee.service.spec.ts",
      "duration": 0,
      "currentRetry": 0,
      "speed": "fast",
      "err": {}
    },
    {
      "title": "should create a new employee successfully",
      "fullTitle": "HR Module Integration Tests Employee Management should create a new employee successfully",
      "file": "/home/m/Desktop/backEnd/erp/src/modules/hr/hr.integration.spec.ts",
      "duration": 3,
      "currentRetry": 0,
      "err": {
        "stack": "TypeError: Cannot read properties of undefined (reading 'id')\n    at Context.<anonymous> (/home/m/Desktop/backEnd/erp/src/modules/hr/hr.integration.spec.ts:136:46)\n    at processTicksAndRejections (node:internal/process/task_queues:105:5)",
        "message": "Cannot read properties of undefined (reading 'id')"
      }
    },
    {
      "title": "should reject employee creation with duplicate user ID",
      "fullTitle": "HR Module Integration Tests Employee Management should reject employee creation with duplicate user ID",
      "file": "/home/m/Desktop/backEnd/erp/src/modules/hr/hr.integration.spec.ts",
      "duration": 3,
      "currentRetry": 0,
      "err": {
        "stack": "TypeError: Cannot read properties of undefined (reading 'id')\n    at Context.<anonymous> (/home/m/Desktop/backEnd/erp/src/modules/hr/hr.integration.spec.ts:180:41)\n    at processTicksAndRejections (node:internal/process/task_queues:105:5)",
        "message": "Cannot read properties of undefined (reading 'id')"
      }
    },
    {
      "title": "should validate employee creation data",
      "fullTitle": "HR Module Integration Tests Employee Management should validate employee creation data",
      "file": "/home/m/Desktop/backEnd/erp/src/modules/hr/hr.integration.spec.ts",
      "duration": 6,
      "currentRetry": 0,
      "err": {
        "stack": "Error: expected 400 \"Bad Request\", got 401 \"Unauthorized\"\n    at Context.<anonymous> (/home/m/Desktop/backEnd/erp/src/modules/hr/hr.integration.spec.ts:233:10)\n    at callFn (/home/m/Desktop/backEnd/erp/node_modules/.pnpm/mocha@11.7.4/node_modules/mocha/lib/runnable.js:366:21)\n    at Test.Runnable.run (/home/m/Desktop/backEnd/erp/node_modules/.pnpm/mocha@11.7.4/node_modules/mocha/lib/runnable.js:354:5)\n    at Runner.runTest (/home/m/Desktop/backEnd/erp/node_modules/.pnpm/mocha@11.7.4/node_modules/mocha/lib/runner.js:719:10)\n    at /home/m/Desktop/backEnd/erp/node_modules/.pnpm/mocha@11.7.4/node_modules/mocha/lib/runner.js:842:12\n    at next (/home/m/Desktop/backEnd/erp/node_modules/.pnpm/mocha@11.7.4/node_modules/mocha/lib/runner.js:634:14)\n    at /home/m/Desktop/backEnd/erp/node_modules/.pnpm/mocha@11.7.4/node_modules/mocha/lib/runner.js:644:7\n    at next (/home/m/Desktop/backEnd/erp/node_modules/.pnpm/mocha@11.7.4/node_modules/mocha/lib/runner.js:527:14)\n    at Immediate._onImmediate (/home/m/Desktop/backEnd/erp/node_modules/.pnpm/mocha@11.7.4/node_modules/mocha/lib/runner.js:612:5)\n    at processImmediate (node:internal/timers:485:21)\n----\n    at Test._assertStatus (/home/m/Desktop/backEnd/erp/node_modules/.pnpm/supertest@6.3.4/node_modules/supertest/lib/test.js:252:14)\n    at /home/m/Desktop/backEnd/erp/node_modules/.pnpm/supertest@6.3.4/node_modules/supertest/lib/test.js:308:13\n    at Test._assertFunction (/home/m/Desktop/backEnd/erp/node_modules/.pnpm/supertest@6.3.4/node_modules/supertest/lib/test.js:285:13)\n    at Test.assert (/home/m/Desktop/backEnd/erp/node_modules/.pnpm/supertest@6.3.4/node_modules/supertest/lib/test.js:164:23)\n    at Server.localAssert (/home/m/Desktop/backEnd/erp/node_modules/.pnpm/supertest@6.3.4/node_modules/supertest/lib/test.js:120:14)\n    at Object.onceWrapper (node:events:632:28)\n    at Server.emit (node:events:518:28)\n    at Server.emit (node:domain:489:12)\n    at emitCloseNT (node:net:2419:8)\n    at processTicksAndRejections (node:internal/process/task_queues:89:21)",
        "message": "expected 400 \"Bad Request\", got 401 \"Unauthorized\""
      }
    },
    {
      "title": "should get employee by ID successfully",
      "fullTitle": "HR Module Integration Tests Employee Management should get employee by ID successfully",
      "file": "/home/m/Desktop/backEnd/erp/src/modules/hr/hr.integration.spec.ts",
      "duration": 3,
      "currentRetry": 0,
      "err": {
        "stack": "TypeError: Cannot read properties of undefined (reading 'id')\n    at createTestEmployee (/home/m/Desktop/backEnd/erp/src/modules/hr/hr.integration.spec.ts:1066:39)\n    at processTicksAndRejections (node:internal/process/task_queues:105:5)\n    at async Context.<anonymous> (/home/m/Desktop/backEnd/erp/src/modules/hr/hr.integration.spec.ts:241:31)",
        "message": "Cannot read properties of undefined (reading 'id')"
      }
    },
    {
      "title": "should return 404 for non-existent employee",
      "fullTitle": "HR Module Integration Tests Employee Management should return 404 for non-existent employee",
      "file": "/home/m/Desktop/backEnd/erp/src/modules/hr/hr.integration.spec.ts",
      "duration": 5,
      "currentRetry": 0,
      "err": {
        "stack": "Error: expected 404 \"Not Found\", got 401 \"Unauthorized\"\n    at Context.<anonymous> (/home/m/Desktop/backEnd/erp/src/modules/hr/hr.integration.spec.ts:262:10)\n    at callFn (/home/m/Desktop/backEnd/erp/node_modules/.pnpm/mocha@11.7.4/node_modules/mocha/lib/runnable.js:366:21)\n    at Test.Runnable.run (/home/m/Desktop/backEnd/erp/node_modules/.pnpm/mocha@11.7.4/node_modules/mocha/lib/runnable.js:354:5)\n    at Runner.runTest (/home/m/Desktop/backEnd/erp/node_modules/.pnpm/mocha@11.7.4/node_modules/mocha/lib/runner.js:719:10)\n    at /home/m/Desktop/backEnd/erp/node_modules/.pnpm/mocha@11.7.4/node_modules/mocha/lib/runner.js:842:12\n    at next (/home/m/Desktop/backEnd/erp/node_modules/.pnpm/mocha@11.7.4/node_modules/mocha/lib/runner.js:634:14)\n    at /home/m/Desktop/backEnd/erp/node_modules/.pnpm/mocha@11.7.4/node_modules/mocha/lib/runner.js:644:7\n    at next (/home/m/Desktop/backEnd/erp/node_modules/.pnpm/mocha@11.7.4/node_modules/mocha/lib/runner.js:527:14)\n    at Immediate._onImmediate (/home/m/Desktop/backEnd/erp/node_modules/.pnpm/mocha@11.7.4/node_modules/mocha/lib/runner.js:612:5)\n    at processImmediate (node:internal/timers:485:21)\n----\n    at Test._assertStatus (/home/m/Desktop/backEnd/erp/node_modules/.pnpm/supertest@6.3.4/node_modules/supertest/lib/test.js:252:14)\n    at /home/m/Desktop/backEnd/erp/node_modules/.pnpm/supertest@6.3.4/node_modules/supertest/lib/test.js:308:13\n    at Test._assertFunction (/home/m/Desktop/backEnd/erp/node_modules/.pnpm/supertest@6.3.4/node_modules/supertest/lib/test.js:285:13)\n    at Test.assert (/home/m/Desktop/backEnd/erp/node_modules/.pnpm/supertest@6.3.4/node_modules/supertest/lib/test.js:164:23)\n    at Server.localAssert (/home/m/Desktop/backEnd/erp/node_modules/.pnpm/supertest@6.3.4/node_modules/supertest/lib/test.js:120:14)\n    at Object.onceWrapper (node:events:632:28)\n    at Server.emit (node:events:518:28)\n    at Server.emit (node:domain:489:12)\n    at emitCloseNT (node:net:2419:8)\n    at processTicksAndRejections (node:internal/process/task_queues:89:21)",
        "message": "expected 404 \"Not Found\", got 401 \"Unauthorized\""
      }
    },
    {
      "title": "should update employee successfully",
      "fullTitle": "HR Module Integration Tests Employee Management should update employee successfully",
      "file": "/home/m/Desktop/backEnd/erp/src/modules/hr/hr.integration.spec.ts",
      "duration": 2,
      "currentRetry": 0,
      "err": {
        "stack": "TypeError: Cannot read properties of undefined (reading 'id')\n    at createTestEmployee (/home/m/Desktop/backEnd/erp/src/modules/hr/hr.integration.spec.ts:1066:39)\n    at processTicksAndRejections (node:internal/process/task_queues:105:5)\n    at async Context.<anonymous> (/home/m/Desktop/backEnd/erp/src/modules/hr/hr.integration.spec.ts:269:31)",
        "message": "Cannot read properties of undefined (reading 'id')"
      }
    },
    {
      "title": "should get paginated employee list",
      "fullTitle": "HR Module Integration Tests Employee Management should get paginated employee list",
      "file": "/home/m/Desktop/backEnd/erp/src/modules/hr/hr.integration.spec.ts",
      "duration": 3,
      "currentRetry": 0,
      "err": {
        "stack": "TypeError: Cannot read properties of undefined (reading 'id')\n    at createTestEmployee (/home/m/Desktop/backEnd/erp/src/modules/hr/hr.integration.spec.ts:1066:39)\n    at processTicksAndRejections (node:internal/process/task_queues:105:5)\n    at async createMultipleTestEmployees (/home/m/Desktop/backEnd/erp/src/modules/hr/hr.integration.spec.ts:1148:7)\n    at async Context.<anonymous> (/home/m/Desktop/backEnd/erp/src/modules/hr/hr.integration.spec.ts:298:7)",
        "message": "Cannot read properties of undefined (reading 'id')"
      }
    },
    {
      "title": "should filter employees by employment type",
      "fullTitle": "HR Module Integration Tests Employee Management should filter employees by employment type",
      "file": "/home/m/Desktop/backEnd/erp/src/modules/hr/hr.integration.spec.ts",
      "duration": 2,
      "currentRetry": 0,
      "err": {
        "stack": "TypeError: Cannot read properties of undefined (reading 'id')\n    at createTestEmployee (/home/m/Desktop/backEnd/erp/src/modules/hr/hr.integration.spec.ts:1066:39)\n    at processTicksAndRejections (node:internal/process/task_queues:105:5)\n    at async Context.<anonymous> (/home/m/Desktop/backEnd/erp/src/modules/hr/hr.integration.spec.ts:318:7)",
        "message": "Cannot read properties of undefined (reading 'id')"
      }
    },
    {
      "title": "should filter employees by department",
      "fullTitle": "HR Module Integration Tests Employee Management should filter employees by department",
      "file": "/home/m/Desktop/backEnd/erp/src/modules/hr/hr.integration.spec.ts",
      "duration": 2,
      "currentRetry": 0,
      "err": {
        "stack": "TypeError: Cannot read properties of undefined (reading 'id')\n    at createTestEmployee (/home/m/Desktop/backEnd/erp/src/modules/hr/hr.integration.spec.ts:1066:39)\n    at processTicksAndRejections (node:internal/process/task_queues:105:5)\n    at async Context.<anonymous> (/home/m/Desktop/backEnd/erp/src/modules/hr/hr.integration.spec.ts:338:7)",
        "message": "Cannot read properties of undefined (reading 'id')"
      }
    },
    {
      "title": "should update employee employment type successfully",
      "fullTitle": "HR Module Integration Tests Employee Management should update employee employment type successfully",
      "file": "/home/m/Desktop/backEnd/erp/src/modules/hr/hr.integration.spec.ts",
      "duration": 3,
      "currentRetry": 0,
      "err": {
        "stack": "TypeError: Cannot read properties of undefined (reading 'id')\n    at createTestEmployee (/home/m/Desktop/backEnd/erp/src/modules/hr/hr.integration.spec.ts:1066:39)\n    at processTicksAndRejections (node:internal/process/task_queues:105:5)\n    at async Context.<anonymous> (/home/m/Desktop/backEnd/erp/src/modules/hr/hr.integration.spec.ts:357:31)",
        "message": "Cannot read properties of undefined (reading 'id')"
      }
    },
    {
      "title": "should handle complete employee lifecycle",
      "fullTitle": "HR Module Integration Tests Cross-Module HR Workflows should handle complete employee lifecycle",
      "file": "/home/m/Desktop/backEnd/erp/src/modules/hr/hr.integration.spec.ts",
      "duration": 3,
      "currentRetry": 0,
      "err": {
        "stack": "TypeError: Cannot read properties of undefined (reading 'id')\n    at createTestEmployee (/home/m/Desktop/backEnd/erp/src/modules/hr/hr.integration.spec.ts:1066:39)\n    at processTicksAndRejections (node:internal/process/task_queues:105:5)\n    at async Context.<anonymous> (/home/m/Desktop/backEnd/erp/src/modules/hr/hr.integration.spec.ts:762:29)",
        "message": "Cannot read properties of undefined (reading 'id')"
      }
    },
    {
      "title": "should handle employee termination workflow",
      "fullTitle": "HR Module Integration Tests Cross-Module HR Workflows should handle employee termination workflow",
      "file": "/home/m/Desktop/backEnd/erp/src/modules/hr/hr.integration.spec.ts",
      "duration": 2,
      "currentRetry": 0,
      "err": {
        "stack": "TypeError: Cannot read properties of undefined (reading 'id')\n    at createTestEmployee (/home/m/Desktop/backEnd/erp/src/modules/hr/hr.integration.spec.ts:1066:39)\n    at processTicksAndRejections (node:internal/process/task_queues:105:5)\n    at async Context.<anonymous> (/home/m/Desktop/backEnd/erp/src/modules/hr/hr.integration.spec.ts:806:24)",
        "message": "Cannot read properties of undefined (reading 'id')"
      }
    },
    {
      "title": "should enforce RBAC for employee management",
      "fullTitle": "HR Module Integration Tests Security and Authorization should enforce RBAC for employee management",
      "file": "/home/m/Desktop/backEnd/erp/src/modules/hr/hr.integration.spec.ts",
      "duration": 2,
      "currentRetry": 0,
      "err": {
        "stack": "TypeError: Cannot read properties of undefined (reading 'id')\n    at Context.<anonymous> (/home/m/Desktop/backEnd/erp/src/modules/hr/hr.integration.spec.ts:848:41)\n    at processTicksAndRejections (node:internal/process/task_queues:105:5)",
        "message": "Cannot read properties of undefined (reading 'id')"
      }
    },
    {
      "title": "should allow employees to manage their own leave requests",
      "fullTitle": "HR Module Integration Tests Security and Authorization should allow employees to manage their own leave requests",
      "file": "/home/m/Desktop/backEnd/erp/src/modules/hr/hr.integration.spec.ts",
      "duration": 2,
      "currentRetry": 0,
      "err": {
        "stack": "TypeError: Cannot read properties of undefined (reading 'id')\n    at createTestEmployee (/home/m/Desktop/backEnd/erp/src/modules/hr/hr.integration.spec.ts:1066:39)\n    at processTicksAndRejections (node:internal/process/task_queues:105:5)\n    at async Context.<anonymous> (/home/m/Desktop/backEnd/erp/src/modules/hr/hr.integration.spec.ts:884:24)",
        "message": "Cannot read properties of undefined (reading 'id')"
      }
    },
    {
      "title": "should prevent XSS attacks in employee data",
      "fullTitle": "HR Module Integration Tests Security and Authorization should prevent XSS attacks in employee data",
      "file": "/home/m/Desktop/backEnd/erp/src/modules/hr/hr.integration.spec.ts",
      "duration": 3,
      "currentRetry": 0,
      "err": {
        "stack": "TypeError: Cannot read properties of undefined (reading 'id')\n    at Context.<anonymous> (/home/m/Desktop/backEnd/erp/src/modules/hr/hr.integration.spec.ts:912:41)\n    at processTicksAndRejections (node:internal/process/task_queues:105:5)",
        "message": "Cannot read properties of undefined (reading 'id')"
      }
    },
    {
      "title": "should protect sensitive payroll information",
      "fullTitle": "HR Module Integration Tests Security and Authorization should protect sensitive payroll information",
      "file": "/home/m/Desktop/backEnd/erp/src/modules/hr/hr.integration.spec.ts",
      "duration": 3,
      "currentRetry": 0,
      "err": {
        "stack": "TypeError: Cannot read properties of undefined (reading 'id')\n    at createTestEmployee (/home/m/Desktop/backEnd/erp/src/modules/hr/hr.integration.spec.ts:1066:39)\n    at processTicksAndRejections (node:internal/process/task_queues:105:5)\n    at async Context.<anonymous> (/home/m/Desktop/backEnd/erp/src/modules/hr/hr.integration.spec.ts:940:24)",
        "message": "Cannot read properties of undefined (reading 'id')"
      }
    },
    {
      "title": "should handle concurrent leave approval safely",
      "fullTitle": "HR Module Integration Tests Concurrent Operations should handle concurrent leave approval safely",
      "file": "/home/m/Desktop/backEnd/erp/src/modules/hr/hr.integration.spec.ts",
      "duration": 3,
      "currentRetry": 0,
      "err": {
        "stack": "TypeError: Cannot read properties of undefined (reading 'id')\n    at createTestEmployee (/home/m/Desktop/backEnd/erp/src/modules/hr/hr.integration.spec.ts:1066:39)\n    at processTicksAndRejections (node:internal/process/task_queues:105:5)\n    at async Context.<anonymous> (/home/m/Desktop/backEnd/erp/src/modules/hr/hr.integration.spec.ts:967:24)",
        "message": "Cannot read properties of undefined (reading 'id')"
      }
    },
    {
      "title": "should handle concurrent payroll processing safely",
      "fullTitle": "HR Module Integration Tests Concurrent Operations should handle concurrent payroll processing safely",
      "file": "/home/m/Desktop/backEnd/erp/src/modules/hr/hr.integration.spec.ts",
      "duration": 2,
      "currentRetry": 0,
      "err": {
        "stack": "TypeError: Cannot read properties of undefined (reading 'id')\n    at createTestEmployee (/home/m/Desktop/backEnd/erp/src/modules/hr/hr.integration.spec.ts:1066:39)\n    at processTicksAndRejections (node:internal/process/task_queues:105:5)\n    at async Context.<anonymous> (/home/m/Desktop/backEnd/erp/src/modules/hr/hr.integration.spec.ts:1006:24)",
        "message": "Cannot read properties of undefined (reading 'id')"
      }
    },
    {
      "title": "should fail to calculate payroll when service throws NotFoundException",
      "fullTitle": "Payroll Controller - Unit Tests POST /payroll/calculate should fail to calculate payroll when service throws NotFoundException",
      "file": "/home/m/Desktop/backEnd/erp/src/modules/hr/payroll.controller.spec.ts",
      "duration": 2,
      "currentRetry": 0,
      "speed": "fast",
      "err": {}
    },
    {
      "title": "should fail to calculate payroll when service throws BadRequestException",
      "fullTitle": "Payroll Controller - Unit Tests POST /payroll/calculate should fail to calculate payroll when service throws BadRequestException",
      "file": "/home/m/Desktop/backEnd/erp/src/modules/hr/payroll.controller.spec.ts",
      "duration": 1,
      "currentRetry": 0,
      "speed": "fast",
      "err": {}
    },
    {
      "title": "should fail to calculate payroll when service throws ConflictException",
      "fullTitle": "Payroll Controller - Unit Tests POST /payroll/calculate should fail to calculate payroll when service throws ConflictException",
      "file": "/home/m/Desktop/backEnd/erp/src/modules/hr/payroll.controller.spec.ts",
      "duration": 0,
      "currentRetry": 0,
      "speed": "fast",
      "err": {}
    },
    {
      "title": "should fail to find payroll by ID when service throws NotFoundException",
      "fullTitle": "Payroll Controller - Unit Tests GET /payroll/:id should fail to find payroll by ID when service throws NotFoundException",
      "file": "/home/m/Desktop/backEnd/erp/src/modules/hr/payroll.controller.spec.ts",
      "duration": 1,
      "currentRetry": 0,
      "speed": "fast",
      "err": {}
    },
    {
      "title": "should fail to find payroll by employee when service throws NotFoundException",
      "fullTitle": "Payroll Controller - Unit Tests GET /payroll/employee/:employeeId should fail to find payroll by employee when service throws NotFoundException",
      "file": "/home/m/Desktop/backEnd/erp/src/modules/hr/payroll.controller.spec.ts",
      "duration": 1,
      "currentRetry": 0,
      "speed": "fast",
      "err": {}
    },
    {
      "title": "should fail to find payroll records when service throws BadRequestException",
      "fullTitle": "Payroll Controller - Unit Tests GET /payroll should fail to find payroll records when service throws BadRequestException",
      "file": "/home/m/Desktop/backEnd/erp/src/modules/hr/payroll.controller.spec.ts",
      "duration": 1,
      "currentRetry": 0,
      "speed": "fast",
      "err": {}
    },
    {
      "title": "should fail to approve payroll when service throws NotFoundException",
      "fullTitle": "Payroll Controller - Unit Tests PUT /payroll/:id/approve should fail to approve payroll when service throws NotFoundException",
      "file": "/home/m/Desktop/backEnd/erp/src/modules/hr/payroll.controller.spec.ts",
      "duration": 1,
      "currentRetry": 0,
      "speed": "fast",
      "err": {}
    },
    {
      "title": "should fail to approve payroll when service throws BadRequestException",
      "fullTitle": "Payroll Controller - Unit Tests PUT /payroll/:id/approve should fail to approve payroll when service throws BadRequestException",
      "file": "/home/m/Desktop/backEnd/erp/src/modules/hr/payroll.controller.spec.ts",
      "duration": 1,
      "currentRetry": 0,
      "speed": "fast",
      "err": {}
    },
    {
      "title": "should fail to process payroll when service throws NotFoundException",
      "fullTitle": "Payroll Controller - Unit Tests POST /payroll/:id/process should fail to process payroll when service throws NotFoundException",
      "file": "/home/m/Desktop/backEnd/erp/src/modules/hr/payroll.controller.spec.ts",
      "duration": 1,
      "currentRetry": 0,
      "speed": "fast",
      "err": {}
    },
    {
      "title": "should fail to process payroll when service throws BadRequestException",
      "fullTitle": "Payroll Controller - Unit Tests POST /payroll/:id/process should fail to process payroll when service throws BadRequestException",
      "file": "/home/m/Desktop/backEnd/erp/src/modules/hr/payroll.controller.spec.ts",
      "duration": 1,
      "currentRetry": 0,
      "speed": "fast",
      "err": {}
    },
    {
      "title": "should fail to generate payroll report when service throws BadRequestException",
      "fullTitle": "Payroll Controller - Unit Tests POST /payroll/reports should fail to generate payroll report when service throws BadRequestException",
      "file": "/home/m/Desktop/backEnd/erp/src/modules/hr/payroll.controller.spec.ts",
      "duration": 1,
      "currentRetry": 0,
      "speed": "fast",
      "err": {}
    },
    {
      "title": "should fail to generate payroll report when service throws NotFoundException",
      "fullTitle": "Payroll Controller - Unit Tests POST /payroll/reports should fail to generate payroll report when service throws NotFoundException",
      "file": "/home/m/Desktop/backEnd/erp/src/modules/hr/payroll.controller.spec.ts",
      "duration": 1,
      "currentRetry": 0,
      "speed": "fast",
      "err": {}
    },
    {
      "title": "should fail with invalid create payroll DTO",
      "fullTitle": "Payroll Controller - Unit Tests Input Validation should fail with invalid create payroll DTO",
      "file": "/home/m/Desktop/backEnd/erp/src/modules/hr/payroll.controller.spec.ts",
      "duration": 1,
      "currentRetry": 0,
      "speed": "fast",
      "err": {}
    },
    {
      "title": "should fail when user context is missing",
      "fullTitle": "Payroll Controller - Unit Tests Security and Authorization should fail when user context is missing",
      "file": "/home/m/Desktop/backEnd/erp/src/modules/hr/payroll.controller.spec.ts",
      "duration": 1,
      "currentRetry": 0,
      "speed": "fast",
      "err": {}
    },
    {
      "title": "should fail when user ID is missing in context",
      "fullTitle": "Payroll Controller - Unit Tests Security and Authorization should fail when user ID is missing in context",
      "file": "/home/m/Desktop/backEnd/erp/src/modules/hr/payroll.controller.spec.ts",
      "duration": 0,
      "currentRetry": 0,
      "speed": "fast",
      "err": {}
    },
    {
      "title": "should handle unexpected service errors gracefully",
      "fullTitle": "Payroll Controller - Unit Tests Error Handling should handle unexpected service errors gracefully",
      "file": "/home/m/Desktop/backEnd/erp/src/modules/hr/payroll.controller.spec.ts",
      "duration": 1,
      "currentRetry": 0,
      "speed": "fast",
      "err": {}
    },
    {
      "title": "should fail with negative gross pay in validation",
      "fullTitle": "Payroll Controller - Unit Tests Business Logic Validation should fail with negative gross pay in validation",
      "file": "/home/m/Desktop/backEnd/erp/src/modules/hr/payroll.controller.spec.ts",
      "duration": 1,
      "currentRetry": 0,
      "speed": "fast",
      "err": {}
    },
    {
      "title": "should fail with excessive overtime hours",
      "fullTitle": "Payroll Controller - Unit Tests Business Logic Validation should fail with excessive overtime hours",
      "file": "/home/m/Desktop/backEnd/erp/src/modules/hr/payroll.controller.spec.ts",
      "duration": 0,
      "currentRetry": 0,
      "speed": "fast",
      "err": {}
    },
    {
      "title": "should fail with invalid pay period format",
      "fullTitle": "Payroll Controller - Unit Tests Business Logic Validation should fail with invalid pay period format",
      "file": "/home/m/Desktop/backEnd/erp/src/modules/hr/payroll.controller.spec.ts",
      "duration": 1,
      "currentRetry": 0,
      "speed": "fast",
      "err": {}
    },
    {
      "title": "should throw error for invalid input",
      "fullTitle": "LeaveRequestService createLeaveRequest should throw error for invalid input",
      "file": "/home/m/Desktop/backEnd/erp/src/modules/hr/services/leave-request.service.spec.ts",
      "duration": 1,
      "currentRetry": 0,
      "speed": "fast",
      "err": {}
    },
    {
      "title": "should throw error if employee does not exist",
      "fullTitle": "LeaveRequestService createLeaveRequest should throw error if employee does not exist",
      "file": "/home/m/Desktop/backEnd/erp/src/modules/hr/services/leave-request.service.spec.ts",
      "duration": 1,
      "currentRetry": 0,
      "speed": "fast",
      "err": {}
    },
    {
      "title": "should throw error if employee is inactive",
      "fullTitle": "LeaveRequestService createLeaveRequest should throw error if employee is inactive",
      "file": "/home/m/Desktop/backEnd/erp/src/modules/hr/services/leave-request.service.spec.ts",
      "duration": 0,
      "currentRetry": 0,
      "speed": "fast",
      "err": {}
    },
    {
      "title": "should throw error for invalid date range",
      "fullTitle": "LeaveRequestService createLeaveRequest should throw error for invalid date range",
      "file": "/home/m/Desktop/backEnd/erp/src/modules/hr/services/leave-request.service.spec.ts",
      "duration": 0,
      "currentRetry": 0,
      "speed": "fast",
      "err": {}
    },
    {
      "title": "should throw error for insufficient leave balance",
      "fullTitle": "LeaveRequestService createLeaveRequest should throw error for insufficient leave balance",
      "file": "/home/m/Desktop/backEnd/erp/src/modules/hr/services/leave-request.service.spec.ts",
      "duration": 1,
      "currentRetry": 0,
      "speed": "fast",
      "err": {}
    },
    {
      "title": "should create leave request successfully",
      "fullTitle": "LeaveRequestService createLeaveRequest should create leave request successfully",
      "file": "/home/m/Desktop/backEnd/erp/src/modules/hr/services/leave-request.service.spec.ts",
      "duration": 1,
      "currentRetry": 0,
      "speed": "fast",
      "err": {}
    },
    {
      "title": "should calculate days requested correctly including weekends",
      "fullTitle": "LeaveRequestService createLeaveRequest should calculate days requested correctly including weekends",
      "file": "/home/m/Desktop/backEnd/erp/src/modules/hr/services/leave-request.service.spec.ts",
      "duration": 1,
      "currentRetry": 0,
      "speed": "fast",
      "err": {}
    },
    {
      "title": "should return paginated leave requests",
      "fullTitle": "LeaveRequestService getLeaveRequests should return paginated leave requests",
      "file": "/home/m/Desktop/backEnd/erp/src/modules/hr/services/leave-request.service.spec.ts",
      "duration": 0,
      "currentRetry": 0,
      "speed": "fast",
      "err": {}
    },
    {
      "title": "should filter by date range correctly",
      "fullTitle": "LeaveRequestService getLeaveRequests should filter by date range correctly",
      "file": "/home/m/Desktop/backEnd/erp/src/modules/hr/services/leave-request.service.spec.ts",
      "duration": 0,
      "currentRetry": 0,
      "speed": "fast",
      "err": {}
    },
    {
      "title": "should return leave request by ID",
      "fullTitle": "LeaveRequestService getLeaveRequestById should return leave request by ID",
      "file": "/home/m/Desktop/backEnd/erp/src/modules/hr/services/leave-request.service.spec.ts",
      "duration": 1,
      "currentRetry": 0,
      "speed": "fast",
      "err": {}
    },
    {
      "title": "should return null for non-existent leave request ID",
      "fullTitle": "LeaveRequestService getLeaveRequestById should return null for non-existent leave request ID",
      "file": "/home/m/Desktop/backEnd/erp/src/modules/hr/services/leave-request.service.spec.ts",
      "duration": 0,
      "currentRetry": 0,
      "speed": "fast",
      "err": {}
    },
    {
      "title": "should throw error if leave request does not exist",
      "fullTitle": "LeaveRequestService updateLeaveRequest should throw error if leave request does not exist",
      "file": "/home/m/Desktop/backEnd/erp/src/modules/hr/services/leave-request.service.spec.ts",
      "duration": 1,
      "currentRetry": 0,
      "speed": "fast",
      "err": {}
    },
    {
      "title": "should update leave request successfully",
      "fullTitle": "LeaveRequestService updateLeaveRequest should update leave request successfully",
      "file": "/home/m/Desktop/backEnd/erp/src/modules/hr/services/leave-request.service.spec.ts",
      "duration": 0,
      "currentRetry": 0,
      "speed": "fast",
      "err": {}
    },
    {
      "title": "should throw error if leave request does not exist",
      "fullTitle": "LeaveRequestService approveLeaveRequest should throw error if leave request does not exist",
      "file": "/home/m/Desktop/backEnd/erp/src/modules/hr/services/leave-request.service.spec.ts",
      "duration": 0,
      "currentRetry": 0,
      "speed": "fast",
      "err": {}
    },
    {
      "title": "should throw error if leave request is not in PENDING status",
      "fullTitle": "LeaveRequestService approveLeaveRequest should throw error if leave request is not in PENDING status",
      "file": "/home/m/Desktop/backEnd/erp/src/modules/hr/services/leave-request.service.spec.ts",
      "duration": 1,
      "currentRetry": 0,
      "speed": "fast",
      "err": {}
    },
    {
      "title": "should approve leave request successfully",
      "fullTitle": "LeaveRequestService approveLeaveRequest should approve leave request successfully",
      "file": "/home/m/Desktop/backEnd/erp/src/modules/hr/services/leave-request.service.spec.ts",
      "duration": 1,
      "currentRetry": 0,
      "speed": "fast",
      "err": {}
    },
    {
      "title": "should throw error if leave request does not exist",
      "fullTitle": "LeaveRequestService rejectLeaveRequest should throw error if leave request does not exist",
      "file": "/home/m/Desktop/backEnd/erp/src/modules/hr/services/leave-request.service.spec.ts",
      "duration": 1,
      "currentRetry": 0,
      "speed": "fast",
      "err": {}
    },
    {
      "title": "should reject leave request successfully",
      "fullTitle": "LeaveRequestService rejectLeaveRequest should reject leave request successfully",
      "file": "/home/m/Desktop/backEnd/erp/src/modules/hr/services/leave-request.service.spec.ts",
      "duration": 0,
      "currentRetry": 0,
      "speed": "fast",
      "err": {}
    },
    {
      "title": "should throw error if leave request does not exist",
      "fullTitle": "LeaveRequestService cancelLeaveRequest should throw error if leave request does not exist",
      "file": "/home/m/Desktop/backEnd/erp/src/modules/hr/services/leave-request.service.spec.ts",
      "duration": 1,
      "currentRetry": 0,
      "speed": "fast",
      "err": {}
    },
    {
      "title": "should throw error if leave request is already approved",
      "fullTitle": "LeaveRequestService cancelLeaveRequest should throw error if leave request is already approved",
      "file": "/home/m/Desktop/backEnd/erp/src/modules/hr/services/leave-request.service.spec.ts",
      "duration": 1,
      "currentRetry": 0,
      "speed": "fast",
      "err": {}
    },
    {
      "title": "should cancel leave request successfully",
      "fullTitle": "LeaveRequestService cancelLeaveRequest should cancel leave request successfully",
      "file": "/home/m/Desktop/backEnd/erp/src/modules/hr/services/leave-request.service.spec.ts",
      "duration": 0,
      "currentRetry": 0,
      "speed": "fast",
      "err": {}
    },
    {
      "title": "should return leave balance for employee",
      "fullTitle": "LeaveRequestService getLeaveBalance should return leave balance for employee",
      "file": "/home/m/Desktop/backEnd/erp/src/modules/hr/services/leave-request.service.spec.ts",
      "duration": 1,
      "currentRetry": 0,
      "speed": "fast",
      "err": {}
    },
    {
      "title": "should throw error if employee does not exist",
      "fullTitle": "LeaveRequestService getLeaveBalance should throw error if employee does not exist",
      "file": "/home/m/Desktop/backEnd/erp/src/modules/hr/services/leave-request.service.spec.ts",
      "duration": 0,
      "currentRetry": 0,
      "speed": "fast",
      "err": {}
    },
    {
      "title": "should return comprehensive leave analytics",
      "fullTitle": "LeaveRequestService getLeaveAnalytics should return comprehensive leave analytics",
      "file": "/home/m/Desktop/backEnd/erp/src/modules/hr/services/leave-request.service.spec.ts",
      "duration": 2,
      "currentRetry": 0,
      "speed": "fast",
      "err": {}
    },
    {
      "title": "should handle empty analytics data gracefully",
      "fullTitle": "LeaveRequestService getLeaveAnalytics should handle empty analytics data gracefully",
      "file": "/home/m/Desktop/backEnd/erp/src/modules/hr/services/leave-request.service.spec.ts",
      "duration": 0,
      "currentRetry": 0,
      "speed": "fast",
      "err": {}
    },
    {
      "title": "should return true for sufficient balance",
      "fullTitle": "LeaveRequestService validateLeaveBalance should return true for sufficient balance",
      "file": "/home/m/Desktop/backEnd/erp/src/modules/hr/services/leave-request.service.spec.ts",
      "duration": 0,
      "currentRetry": 0,
      "speed": "fast",
      "err": {}
    },
    {
      "title": "should return false for insufficient balance",
      "fullTitle": "LeaveRequestService validateLeaveBalance should return false for insufficient balance",
      "file": "/home/m/Desktop/backEnd/erp/src/modules/hr/services/leave-request.service.spec.ts",
      "duration": 0,
      "currentRetry": 0,
      "speed": "fast",
      "err": {}
    },
    {
      "title": "should return true for sick leave when using sick balance",
      "fullTitle": "LeaveRequestService validateLeaveBalance should return true for sick leave when using sick balance",
      "file": "/home/m/Desktop/backEnd/erp/src/modules/hr/services/leave-request.service.spec.ts",
      "duration": 0,
      "currentRetry": 0,
      "speed": "fast",
      "err": {}
    },
    {
      "title": "should calculate days correctly for same date",
      "fullTitle": "LeaveRequestService calculateDaysRequested should calculate days correctly for same date",
      "file": "/home/m/Desktop/backEnd/erp/src/modules/hr/services/leave-request.service.spec.ts",
      "duration": 0,
      "currentRetry": 0,
      "speed": "fast",
      "err": {}
    },
    {
      "title": "should calculate days correctly for one week",
      "fullTitle": "LeaveRequestService calculateDaysRequested should calculate days correctly for one week",
      "file": "/home/m/Desktop/backEnd/erp/src/modules/hr/services/leave-request.service.spec.ts",
      "duration": 0,
      "currentRetry": 0,
      "speed": "fast",
      "err": {}
    },
    {
      "title": "should calculate days correctly for date range spanning multiple weeks",
      "fullTitle": "LeaveRequestService calculateDaysRequested should calculate days correctly for date range spanning multiple weeks",
      "file": "/home/m/Desktop/backEnd/erp/src/modules/hr/services/leave-request.service.spec.ts",
      "duration": 1,
      "currentRetry": 0,
      "speed": "fast",
      "err": {}
    },
    {
      "title": "should validate product creation data",
      "fullTitle": "Inventory Module Demonstration Product Management should validate product creation data",
      "file": "/home/m/Desktop/backEnd/erp/src/modules/inventory/demo.inventory.spec.ts",
      "duration": 0,
      "currentRetry": 0,
      "speed": "fast",
      "err": {}
    },
    {
      "title": "should validate SKU uniqueness logic",
      "fullTitle": "Inventory Module Demonstration Product Management should validate SKU uniqueness logic",
      "file": "/home/m/Desktop/backEnd/erp/src/modules/inventory/demo.inventory.spec.ts",
      "duration": 0,
      "currentRetry": 0,
      "speed": "fast",
      "err": {}
    },
    {
      "title": "should handle product status transitions",
      "fullTitle": "Inventory Module Demonstration Product Management should handle product status transitions",
      "file": "/home/m/Desktop/backEnd/erp/src/modules/inventory/demo.inventory.spec.ts",
      "duration": 0,
      "currentRetry": 0,
      "speed": "fast",
      "err": {}
    },
    {
      "title": "should validate stock movement types",
      "fullTitle": "Inventory Module Demonstration Stock Movement Validation should validate stock movement types",
      "file": "/home/m/Desktop/backEnd/erp/src/modules/inventory/demo.inventory.spec.ts",
      "duration": 1,
      "currentRetry": 0,
      "speed": "fast",
      "err": {}
    },
    {
      "title": "should calculate stock level changes correctly",
      "fullTitle": "Inventory Module Demonstration Stock Movement Validation should calculate stock level changes correctly",
      "file": "/home/m/Desktop/backEnd/erp/src/modules/inventory/demo.inventory.spec.ts",
      "duration": 0,
      "currentRetry": 0,
      "speed": "fast",
      "err": {}
    },
    {
      "title": "should prevent negative stock levels",
      "fullTitle": "Inventory Module Demonstration Stock Movement Validation should prevent negative stock levels",
      "file": "/home/m/Desktop/backEnd/erp/src/modules/inventory/demo.inventory.spec.ts",
      "duration": 0,
      "currentRetry": 0,
      "speed": "fast",
      "err": {}
    },
    {
      "title": "should validate stock movement data",
      "fullTitle": "Inventory Module Demonstration Stock Movement Validation should validate stock movement data",
      "file": "/home/m/Desktop/backEnd/erp/src/modules/inventory/demo.inventory.spec.ts",
      "duration": 0,
      "currentRetry": 0,
      "speed": "fast",
      "err": {}
    },
    {
      "title": "should identify products that need restocking",
      "fullTitle": "Inventory Module Demonstration Low Stock Alerts should identify products that need restocking",
      "file": "/home/m/Desktop/backEnd/erp/src/modules/inventory/demo.inventory.spec.ts",
      "duration": 0,
      "currentRetry": 0,
      "speed": "fast",
      "err": {}
    },
    {
      "title": "should not flag products with adequate stock",
      "fullTitle": "Inventory Module Demonstration Low Stock Alerts should not flag products with adequate stock",
      "file": "/home/m/Desktop/backEnd/erp/src/modules/inventory/demo.inventory.spec.ts",
      "duration": 1,
      "currentRetry": 0,
      "speed": "fast",
      "err": {}
    },
    {
      "title": "should calculate total inventory value correctly",
      "fullTitle": "Inventory Module Demonstration Inventory Valuation should calculate total inventory value correctly",
      "file": "/home/m/Desktop/backEnd/erp/src/modules/inventory/demo.inventory.spec.ts",
      "duration": 0,
      "currentRetry": 0,
      "speed": "fast",
      "err": {}
    },
    {
      "title": "should calculate total items in inventory",
      "fullTitle": "Inventory Module Demonstration Inventory Valuation should calculate total items in inventory",
[...]
      "duration": 0,
      "currentRetry": 0,
      "speed": "fast",
      "err": {}
    },
    {
      "title": "should be ready for advanced reporting features",
      "fullTitle": "Reports Module Demonstration Extensibility and Future Enhancement Demonstration should be ready for advanced reporting features",
      "file": "/home/m/Desktop/backEnd/erp/src/modules/reports/demo.reports.spec.ts",
      "duration": 0,
      "currentRetry": 0,
      "speed": "fast",
      "err": {}
    },
    {
      "title": "should create a new report definition successfully",
      "fullTitle": "Reports Module Integration Tests Report Definition Management should create a new report definition successfully",
      "file": "/home/m/Desktop/backEnd/erp/src/modules/reports/reports.integration.spec.ts",
      "duration": 8,
      "currentRetry": 0,
      "speed": "fast",
      "err": {}
    },
    {
      "title": "should validate report definition creation data",
      "fullTitle": "Reports Module Integration Tests Report Definition Management should validate report definition creation data",
      "file": "/home/m/Desktop/backEnd/erp/src/modules/reports/reports.integration.spec.ts",
      "duration": 3,
      "currentRetry": 0,
      "speed": "fast",
      "err": {}
    },
    {
      "title": "should validate financial report parameters",
      "fullTitle": "Reports Module Integration Tests Financial Reports should validate financial report parameters",
      "file": "/home/m/Desktop/backEnd/erp/src/modules/reports/reports.integration.spec.ts",
      "duration": 3,
      "currentRetry": 0,
      "speed": "fast",
      "err": {}
    },
    {
      "title": "should include low stock alerts in inventory report",
      "fullTitle": "Reports Module Integration Tests Inventory Reports should include low stock alerts in inventory report",
      "file": "/home/m/Desktop/backEnd/erp/src/modules/reports/reports.integration.spec.ts",
      "duration": 7,
      "currentRetry": 0,
      "speed": "fast",
      "err": {}
    },
    {
      "title": "should calculate executive KPIs across all modules",
      "fullTitle": "Reports Module Integration Tests Executive Dashboard should calculate executive KPIs across all modules",
      "file": "/home/m/Desktop/backEnd/erp/src/modules/reports/reports.integration.spec.ts",
      "duration": 8,
      "currentRetry": 0,
      "speed": "fast",
      "err": {}
    },
    {
      "title": "should throw error for invalid input",
      "fullTitle": "ScheduledReportsService createScheduledReport should throw error for invalid input",
      "file": "/home/m/Desktop/backEnd/erp/src/modules/reports/scheduled/scheduled-reports.service.spec.ts",
      "duration": 0,
      "currentRetry": 0,
      "speed": "fast",
      "err": {}
    },
    {
      "title": "should throw error if report definition does not exist",
      "fullTitle": "ScheduledReportsService createScheduledReport should throw error if report definition does not exist",
      "file": "/home/m/Desktop/backEnd/erp/src/modules/reports/scheduled/scheduled-reports.service.spec.ts",
      "duration": 0,
      "currentRetry": 0,
      "speed": "fast",
      "err": {}
    },
    {
      "title": "should throw error if report definition is inactive",
      "fullTitle": "ScheduledReportsService createScheduledReport should throw error if report definition is inactive",
      "file": "/home/m/Desktop/backEnd/erp/src/modules/reports/scheduled/scheduled-reports.service.spec.ts",
      "duration": 0,
      "currentRetry": 0,
      "speed": "fast",
      "err": {}
    },
    {
      "title": "should create scheduled report successfully",
      "fullTitle": "ScheduledReportsService createScheduledReport should create scheduled report successfully",
      "file": "/home/m/Desktop/backEnd/erp/src/modules/reports/scheduled/scheduled-reports.service.spec.ts",
      "duration": 1,
      "currentRetry": 0,
      "speed": "fast",
      "err": {}
    },
    {
      "title": "should validate cron expression format",
      "fullTitle": "ScheduledReportsService createScheduledReport should validate cron expression format",
      "file": "/home/m/Desktop/backEnd/erp/src/modules/reports/scheduled/scheduled-reports.service.spec.ts",
      "duration": 0,
      "currentRetry": 0,
      "speed": "fast",
      "err": {}
    },
    {
      "title": "should return paginated scheduled reports",
      "fullTitle": "ScheduledReportsService getScheduledReports should return paginated scheduled reports",
      "file": "/home/m/Desktop/backEnd/erp/src/modules/reports/scheduled/scheduled-reports.service.spec.ts",
      "duration": 0,
      "currentRetry": 0,
      "speed": "fast",
      "err": {}
    },
    {
      "title": "should filter by report definition correctly",
      "fullTitle": "ScheduledReportsService getScheduledReports should filter by report definition correctly",
      "file": "/home/m/Desktop/backEnd/erp/src/modules/reports/scheduled/scheduled-reports.service.spec.ts",
      "duration": 0,
      "currentRetry": 0,
      "speed": "fast",
      "err": {}
    },
    {
      "title": "should return scheduled report by ID",
      "fullTitle": "ScheduledReportsService getScheduledReportById should return scheduled report by ID",
      "file": "/home/m/Desktop/backEnd/erp/src/modules/reports/scheduled/scheduled-reports.service.spec.ts",
      "duration": 1,
      "currentRetry": 0,
      "speed": "fast",
      "err": {}
    },
    {
      "title": "should return null for non-existent scheduled report ID",
      "fullTitle": "ScheduledReportsService getScheduledReportById should return null for non-existent scheduled report ID",
      "file": "/home/m/Desktop/backEnd/erp/src/modules/reports/scheduled/scheduled-reports.service.spec.ts",
      "duration": 0,
      "currentRetry": 0,
      "speed": "fast",
      "err": {}
    },
    {
      "title": "should throw error if scheduled report does not exist",
      "fullTitle": "ScheduledReportsService updateScheduledReport should throw error if scheduled report does not exist",
      "file": "/home/m/Desktop/backEnd/erp/src/modules/reports/scheduled/scheduled-reports.service.spec.ts",
      "duration": 0,
      "currentRetry": 0,
      "speed": "fast",
      "err": {}
    },
    {
      "title": "should update scheduled report successfully",
      "fullTitle": "ScheduledReportsService updateScheduledReport should update scheduled report successfully",
      "file": "/home/m/Desktop/backEnd/erp/src/modules/reports/scheduled/scheduled-reports.service.spec.ts",
      "duration": 0,
      "currentRetry": 0,
      "speed": "fast",
      "err": {}
    },
    {
      "title": "should trigger manual execution successfully",
      "fullTitle": "ScheduledReportsService triggerScheduledReport should trigger manual execution successfully",
      "file": "/home/m/Desktop/backEnd/erp/src/modules/reports/scheduled/scheduled-reports.service.spec.ts",
      "duration": 2,
      "currentRetry": 0,
      "speed": "fast",
      "err": {}
    },
    {
      "title": "should throw error if scheduled report does not exist",
      "fullTitle": "ScheduledReportsService triggerScheduledReport should throw error if scheduled report does not exist",
      "file": "/home/m/Desktop/backEnd/erp/src/modules/reports/scheduled/scheduled-reports.service.spec.ts",
      "duration": 0,
      "currentRetry": 0,
      "speed": "fast",
      "err": {}
    },
    {
      "title": "should return execution history for a scheduled report",
      "fullTitle": "ScheduledReportsService getScheduledReportExecutions should return execution history for a scheduled report",
      "file": "/home/m/Desktop/backEnd/erp/src/modules/reports/scheduled/scheduled-reports.service.spec.ts",
      "duration": 1,
      "currentRetry": 0,
      "speed": "fast",
      "err": {}
    },
    {
      "title": "should add user to distribution list successfully",
      "fullTitle": "ScheduledReportsService createDistributionList should add user to distribution list successfully",
      "file": "/home/m/Desktop/backEnd/erp/src/modules/reports/scheduled/scheduled-reports.service.spec.ts",
      "duration": 1,
      "currentRetry": 0,
      "speed": "fast",
      "err": {}
    },
    {
      "title": "should throw error if scheduled report does not exist",
      "fullTitle": "ScheduledReportsService createDistributionList should throw error if scheduled report does not exist",
      "file": "/home/m/Desktop/backEnd/erp/src/modules/reports/scheduled/scheduled-reports.service.spec.ts",
      "duration": 1,
      "currentRetry": 0,
      "speed": "fast",
      "err": {}
    },
    {
      "title": "should throw error if user does not exist",
      "fullTitle": "ScheduledReportsService createDistributionList should throw error if user does not exist",
      "file": "/home/m/Desktop/backEnd/erp/src/modules/reports/scheduled/scheduled-reports.service.spec.ts",
      "duration": 1,
      "currentRetry": 0,
      "speed": "fast",
      "err": {}
    },
    {
      "title": "should calculate next run time for daily schedule",
      "fullTitle": "ScheduledReportsService calculateNextRunTime should calculate next run time for daily schedule",
      "file": "/home/m/Desktop/backEnd/erp/src/modules/reports/scheduled/scheduled-reports.service.spec.ts",
      "duration": 1,
      "currentRetry": 0,
      "speed": "fast",
      "err": {}
    },
    {
      "title": "should calculate next run time for weekly schedule",
      "fullTitle": "ScheduledReportsService calculateNextRunTime should calculate next run time for weekly schedule",
      "file": "/home/m/Desktop/backEnd/erp/src/modules/reports/scheduled/scheduled-reports.service.spec.ts",
      "duration": 0,
      "currentRetry": 0,
      "speed": "fast",
      "err": {}
    },
    {
      "title": "should validate correct cron expressions",
      "fullTitle": "ScheduledReportsService validateCronExpression should validate correct cron expressions",
      "file": "/home/m/Desktop/backEnd/erp/src/modules/reports/scheduled/scheduled-reports.service.spec.ts",
      "duration": 0,
      "currentRetry": 0,
      "speed": "fast",
      "err": {}
    },
    {
      "title": "should reject invalid cron expressions",
      "fullTitle": "ScheduledReportsService validateCronExpression should reject invalid cron expressions",
      "file": "/home/m/Desktop/backEnd/erp/src/modules/reports/scheduled/scheduled-reports.service.spec.ts",
      "duration": 0,
      "currentRetry": 0,
      "speed": "fast",
      "err": {}
    },
    {
      "title": "should create a new report definition successfully",
      "fullTitle": "ReportsService createReportDefinition should create a new report definition successfully",
      "file": "/home/m/Desktop/backEnd/erp/src/modules/reports/services/reports.service.spec.ts",
      "duration": 1,
      "currentRetry": 0,
      "speed": "fast",
      "err": {}
    },
    {
      "title": "should throw error when input validation fails",
      "fullTitle": "ReportsService createReportDefinition should throw error when input validation fails",
      "file": "/home/m/Desktop/backEnd/erp/src/modules/reports/services/reports.service.spec.ts",
      "duration": 0,
      "currentRetry": 0,
      "speed": "fast",
      "err": {}
    },
    {
      "title": "should generate comprehensive financial report",
      "fullTitle": "ReportsService generateFinancialReport should generate comprehensive financial report",
      "file": "/home/m/Desktop/backEnd/erp/src/modules/reports/services/reports.service.spec.ts",
      "duration": 1,
      "currentRetry": 0,
      "speed": "fast",
      "err": {}
    },
    {
      "title": "should handle empty date range gracefully",
      "fullTitle": "ReportsService generateFinancialReport should handle empty date range gracefully",
      "file": "/home/m/Desktop/backEnd/erp/src/modules/reports/services/reports.service.spec.ts",
      "duration": 1,
      "currentRetry": 0,
      "speed": "fast",
      "err": {}
    },
    {
      "title": "should generate comprehensive sales analytics",
      "fullTitle": "ReportsService generateSalesAnalytics should generate comprehensive sales analytics",
      "file": "/home/m/Desktop/backEnd/erp/src/modules/reports/services/reports.service.spec.ts",
      "duration": 1,
      "currentRetry": 0,
      "speed": "fast",
      "err": {}
    },
    {
      "title": "should calculate conversion rate correctly",
      "fullTitle": "ReportsService generateSalesAnalytics should calculate conversion rate correctly",
      "file": "/home/m/Desktop/backEnd/erp/src/modules/reports/services/reports.service.spec.ts",
      "duration": 0,
      "currentRetry": 0,
      "speed": "fast",
      "err": {}
    },
    {
      "title": "should generate comprehensive inventory report",
      "fullTitle": "ReportsService generateInventoryReport should generate comprehensive inventory report",
      "file": "/home/m/Desktop/backEnd/erp/src/modules/reports/services/reports.service.spec.ts",
      "duration": 1,
      "currentRetry": 0,
      "speed": "fast",
      "err": {}
    },
    {
      "title": "should identify low stock items correctly",
      "fullTitle": "ReportsService generateInventoryReport should identify low stock items correctly",
      "file": "/home/m/Desktop/backEnd/erp/src/modules/reports/services/reports.service.spec.ts",
      "duration": 1,
      "currentRetry": 0,
      "speed": "fast",
      "err": {}
    },
    {
      "title": "should generate comprehensive purchasing analytics",
      "fullTitle": "ReportsService generatePurchasingAnalytics should generate comprehensive purchasing analytics",
      "file": "/home/m/Desktop/backEnd/erp/src/modules/reports/services/reports.service.spec.ts",
      "duration": 0,
      "currentRetry": 0,
      "speed": "fast",
      "err": {}
    },
    {
      "title": "should calculate average delivery time",
      "fullTitle": "ReportsService generatePurchasingAnalytics should calculate average delivery time",
      "file": "/home/m/Desktop/backEnd/erp/src/modules/reports/services/reports.service.spec.ts",
      "duration": 0,
      "currentRetry": 0,
      "speed": "fast",
      "err": {}
    },
    {
      "title": "should generate comprehensive executive dashboard",
      "fullTitle": "ReportsService generateExecutiveDashboard should generate comprehensive executive dashboard",
      "file": "/home/m/Desktop/backEnd/erp/src/modules/reports/services/reports.service.spec.ts",
      "duration": 0,
      "currentRetry": 0,
      "speed": "fast",
      "err": {}
    },
    {
      "title": "should calculate KPI trends correctly",
      "fullTitle": "ReportsService generateExecutiveDashboard should calculate KPI trends correctly",
      "file": "/home/m/Desktop/backEnd/erp/src/modules/reports/services/reports.service.spec.ts",
      "duration": 1,
      "currentRetry": 0,
      "speed": "fast",
      "err": {}
    },
    {
      "title": "should generate appropriate alerts",
      "fullTitle": "ReportsService generateExecutiveDashboard should generate appropriate alerts",
      "file": "/home/m/Desktop/backEnd/erp/src/modules/reports/services/reports.service.spec.ts",
      "duration": 1,
      "currentRetry": 0,
      "speed": "fast",
      "err": {}
    },
    {
      "title": "should generate custom report from definition",
      "fullTitle": "ReportsService generateCustomReport should generate custom report from definition",
      "file": "/home/m/Desktop/backEnd/erp/src/modules/reports/services/reports.service.spec.ts",
      "duration": 0,
      "currentRetry": 0,
      "speed": "fast",
      "err": {}
    },
    {
      "title": "should handle invalid report definition",
      "fullTitle": "ReportsService generateCustomReport should handle invalid report definition",
      "file": "/home/m/Desktop/backEnd/erp/src/modules/reports/services/reports.service.spec.ts",
      "duration": 0,
      "currentRetry": 0,
      "speed": "fast",
      "err": {}
    },
    {
      "title": "should validate SQL queries for security",
      "fullTitle": "ReportsService validateReportQuery should validate SQL queries for security",
      "file": "/home/m/Desktop/backEnd/erp/src/modules/reports/services/reports.service.spec.ts",
      "duration": 0,
      "currentRetry": 0,
      "speed": "fast",
      "err": {}
    },
    {
      "title": "should allow safe SQL queries",
      "fullTitle": "ReportsService validateReportQuery should allow safe SQL queries",
      "file": "/home/m/Desktop/backEnd/erp/src/modules/reports/services/reports.service.spec.ts",
      "duration": 0,
      "currentRetry": 0,
      "speed": "fast",
      "err": {}
    },
    {
      "title": "should create a new user successfully",
      "fullTitle": "Users Module Integration Tests User CRUD Operations should create a new user successfully",
      "file": "/home/m/Desktop/backEnd/erp/src/modules/users/users.integration.spec.ts",
      "duration": 124,
      "currentRetry": 0,
      "speed": "slow",
      "err": {}
    },
    {
      "title": "should reject user creation with duplicate email",
      "fullTitle": "Users Module Integration Tests User CRUD Operations should reject user creation with duplicate email",
      "file": "/home/m/Desktop/backEnd/erp/src/modules/users/users.integration.spec.ts",
      "duration": 125,
      "currentRetry": 0,
      "speed": "slow",
      "err": {}
    },
    {
      "title": "should reject user creation with duplicate username",
      "fullTitle": "Users Module Integration Tests User CRUD Operations should reject user creation with duplicate username",
      "file": "/home/m/Desktop/backEnd/erp/src/modules/users/users.integration.spec.ts",
      "duration": 154,
      "currentRetry": 0,
      "speed": "slow",
      "err": {}
    },
    {
      "title": "should validate user creation data",
      "fullTitle": "Users Module Integration Tests User CRUD Operations should validate user creation data",
      "file": "/home/m/Desktop/backEnd/erp/src/modules/users/users.integration.spec.ts",
      "duration": 3,
      "currentRetry": 0,
      "speed": "fast",
      "err": {}
    },
    {
      "title": "should validate password strength requirements",
      "fullTitle": "Users Module Integration Tests User CRUD Operations should validate password strength requirements",
      "file": "/home/m/Desktop/backEnd/erp/src/modules/users/users.integration.spec.ts",
      "duration": 19,
      "currentRetry": 0,
      "speed": "fast",
      "err": {}
    },
    {
      "title": "should return 404 for non-existent user",
      "fullTitle": "Users Module Integration Tests User CRUD Operations should return 404 for non-existent user",
      "file": "/home/m/Desktop/backEnd/erp/src/modules/users/users.integration.spec.ts",
      "duration": 4,
      "currentRetry": 0,
      "speed": "fast",
      "err": {}
    },
    {
      "title": "should update user successfully",
      "fullTitle": "Users Module Integration Tests User CRUD Operations should update user successfully",
      "file": "/home/m/Desktop/backEnd/erp/src/modules/users/users.integration.spec.ts",
      "duration": 107,
      "currentRetry": 0,
      "speed": "slow",
      "err": {}
    },
    {
      "title": "should change user role successfully",
      "fullTitle": "Users Module Integration Tests User CRUD Operations should change user role successfully",
      "file": "/home/m/Desktop/backEnd/erp/src/modules/users/users.integration.spec.ts",
      "duration": 112,
      "currentRetry": 0,
      "speed": "slow",
      "err": {}
    },
    {
      "title": "should deactivate user successfully",
      "fullTitle": "Users Module Integration Tests User CRUD Operations should deactivate user successfully",
      "file": "/home/m/Desktop/backEnd/erp/src/modules/users/users.integration.spec.ts",
      "duration": 110,
      "currentRetry": 0,
      "speed": "slow",
      "err": {}
    }
  ]
}